0 info it worked if it ends with ok
1 verbose cli [ '/usr/bin/node', '/usr/bin/npm', 'install', '-g', 'divshot-cli' ]
2 info using npm@1.4.28
3 info using node@v0.10.38
4 verbose node symlink /usr/bin/node
5 verbose cache add [ 'divshot-cli', null ]
6 verbose cache add name=undefined spec="divshot-cli" args=["divshot-cli",null]
7 verbose parsed url { protocol: null,
7 verbose parsed url   slashes: null,
7 verbose parsed url   auth: null,
7 verbose parsed url   host: null,
7 verbose parsed url   port: null,
7 verbose parsed url   hostname: null,
7 verbose parsed url   hash: null,
7 verbose parsed url   search: null,
7 verbose parsed url   query: null,
7 verbose parsed url   pathname: 'divshot-cli',
7 verbose parsed url   path: 'divshot-cli',
7 verbose parsed url   href: 'divshot-cli' }
8 silly lockFile a100e37d-divshot-cli divshot-cli
9 verbose lock divshot-cli /home/cky/.npm/a100e37d-divshot-cli.lock
10 silly lockFile a100e37d-divshot-cli divshot-cli
11 silly lockFile a100e37d-divshot-cli divshot-cli
12 verbose addNamed [ 'divshot-cli', '' ]
13 verbose addNamed [ null, '*' ]
14 silly lockFile f57fbc2c-divshot-cli divshot-cli@
15 verbose lock divshot-cli@ /home/cky/.npm/f57fbc2c-divshot-cli.lock
16 silly addNameRange { name: 'divshot-cli', range: '*', hasData: false }
17 verbose request where is /divshot-cli
18 verbose request registry https://registry.npmjs.org/
19 verbose request id e319615bbf255516
20 verbose url raw /divshot-cli
21 verbose url resolving [ 'https://registry.npmjs.org/', './divshot-cli' ]
22 verbose url resolved https://registry.npmjs.org/divshot-cli
23 verbose request where is https://registry.npmjs.org/divshot-cli
24 info trying registry request attempt 1 at 19:13:44
25 http GET https://registry.npmjs.org/divshot-cli
26 http 200 https://registry.npmjs.org/divshot-cli
27 silly registry.get cb [ 200,
27 silly registry.get   { server: 'CouchDB/1.5.0 (Erlang OTP/R16B03)',
27 silly registry.get     etag: '"EBYUM4HZCFFB8YDC02GFXM2CJ"',
27 silly registry.get     'content-type': 'application/json',
27 silly registry.get     'cache-control': 'max-age=60',
27 silly registry.get     'content-length': '288193',
27 silly registry.get     'accept-ranges': 'bytes',
27 silly registry.get     date: 'Wed, 03 Jun 2015 17:13:45 GMT',
27 silly registry.get     via: '1.1 varnish',
27 silly registry.get     age: '0',
27 silly registry.get     connection: 'keep-alive',
27 silly registry.get     'x-served-by': 'cache-fra1244-FRA',
27 silly registry.get     'x-cache': 'MISS',
27 silly registry.get     'x-cache-hits': '0',
27 silly registry.get     'x-timer': 'S1433351625.374823,VS0,VE429',
27 silly registry.get     vary: 'Accept' } ]
28 silly addNameRange number 2 { name: 'divshot-cli', range: '*', hasData: true }
29 silly addNameRange versions [ 'divshot-cli',
29 silly addNameRange   [ '0.0.2',
29 silly addNameRange     '0.0.3',
29 silly addNameRange     '0.0.4',
29 silly addNameRange     '0.0.5',
29 silly addNameRange     '0.0.6',
29 silly addNameRange     '0.0.7',
29 silly addNameRange     '0.0.8',
29 silly addNameRange     '0.0.9',
29 silly addNameRange     '0.1.1',
29 silly addNameRange     '0.2.3',
29 silly addNameRange     '0.2.6',
29 silly addNameRange     '0.2.9',
29 silly addNameRange     '0.2.10',
29 silly addNameRange     '0.2.11',
29 silly addNameRange     '0.2.13',
29 silly addNameRange     '0.3.1',
29 silly addNameRange     '0.3.2',
29 silly addNameRange     '0.3.3',
29 silly addNameRange     '0.3.4',
29 silly addNameRange     '0.3.5',
29 silly addNameRange     '0.3.6',
29 silly addNameRange     '0.3.7',
29 silly addNameRange     '0.3.9',
29 silly addNameRange     '0.3.10',
29 silly addNameRange     '0.3.11',
29 silly addNameRange     '0.4.0',
29 silly addNameRange     '0.4.1',
29 silly addNameRange     '0.4.3',
29 silly addNameRange     '0.4.4',
29 silly addNameRange     '0.4.5',
29 silly addNameRange     '0.4.6',
29 silly addNameRange     '0.4.7',
29 silly addNameRange     '0.4.8',
29 silly addNameRange     '0.5.0',
29 silly addNameRange     '0.6.0',
29 silly addNameRange     '0.6.1',
29 silly addNameRange     '0.6.2',
29 silly addNameRange     '0.6.3',
29 silly addNameRange     '0.6.4',
29 silly addNameRange     '0.6.6',
29 silly addNameRange     '0.6.7',
29 silly addNameRange     '0.6.8',
29 silly addNameRange     '0.6.9',
29 silly addNameRange     '0.6.10',
29 silly addNameRange     '0.6.11',
29 silly addNameRange     '0.6.12',
29 silly addNameRange     '0.6.13',
29 silly addNameRange     '0.7.0',
29 silly addNameRange     '0.8.0',
29 silly addNameRange     '0.8.1',
29 silly addNameRange     '0.8.2',
29 silly addNameRange     '0.8.3',
29 silly addNameRange     '0.9.0',
29 silly addNameRange     '0.9.1',
29 silly addNameRange     '0.9.2',
29 silly addNameRange     '0.9.3',
29 silly addNameRange     '0.9.4',
29 silly addNameRange     '0.9.5',
29 silly addNameRange     '0.9.6',
29 silly addNameRange     '0.9.8',
29 silly addNameRange     '0.9.9',
29 silly addNameRange     '0.9.10',
29 silly addNameRange     '0.9.11',
29 silly addNameRange     '0.9.13',
29 silly addNameRange     '0.9.14',
29 silly addNameRange     '0.10.0',
29 silly addNameRange     '0.10.1',
29 silly addNameRange     '0.11.0',
29 silly addNameRange     '0.11.1',
29 silly addNameRange     '0.11.2',
29 silly addNameRange     '0.12.0',
29 silly addNameRange     '0.12.1',
29 silly addNameRange     '0.12.2',
29 silly addNameRange     '0.12.3',
29 silly addNameRange     '0.12.4',
29 silly addNameRange     '0.14.0-rc1',
29 silly addNameRange     '0.14.2-rc1',
29 silly addNameRange     '0.14.2-rc2',
29 silly addNameRange     '0.15.0',
29 silly addNameRange     '0.15.1',
29 silly addNameRange     '0.15.2',
29 silly addNameRange     '0.15.3',
29 silly addNameRange     '0.15.4',
29 silly addNameRange     '0.15.5',
29 silly addNameRange     '0.15.6',
29 silly addNameRange     '0.15.7',
29 silly addNameRange     '0.16.0',
29 silly addNameRange     '0.16.1',
29 silly addNameRange     '0.16.2',
29 silly addNameRange     '0.16.3',
29 silly addNameRange     '0.16.4',
29 silly addNameRange     '0.16.5',
29 silly addNameRange     '0.16.6',
29 silly addNameRange     '0.16.7',
29 silly addNameRange     '0.17.0',
29 silly addNameRange     '0.18.0',
29 silly addNameRange     '0.18.1',
29 silly addNameRange     '0.18.2',
29 silly addNameRange     '1.0.0-rc2',
29 silly addNameRange     '1.0.0-rc3',
29 silly addNameRange     '1.0.0',
29 silly addNameRange     '1.0.1',
29 silly addNameRange     '1.0.2',
29 silly addNameRange     '1.0.3',
29 silly addNameRange     '1.0.4',
29 silly addNameRange     '1.0.5',
29 silly addNameRange     '1.0.6',
29 silly addNameRange     '1.0.7',
29 silly addNameRange     '1.0.8',
29 silly addNameRange     '1.0.9',
29 silly addNameRange     '1.0.10',
29 silly addNameRange     '1.1.0',
29 silly addNameRange     '1.3.0',
29 silly addNameRange     '1.3.1',
29 silly addNameRange     '1.3.2',
29 silly addNameRange     '1.3.3',
29 silly addNameRange     '1.4.0',
29 silly addNameRange     '1.4.1',
29 silly addNameRange     '1.4.2-rc1',
29 silly addNameRange     '1.4.2',
29 silly addNameRange     '1.4.3',
29 silly addNameRange     '1.4.6',
29 silly addNameRange     '1.4.7',
29 silly addNameRange     '1.5.0',
29 silly addNameRange     '1.6.0',
29 silly addNameRange     '1.7.0',
29 silly addNameRange     '1.7.1',
29 silly addNameRange     '1.7.2',
29 silly addNameRange     '1.7.3',
29 silly addNameRange     '1.8.0',
29 silly addNameRange     '1.8.1',
29 silly addNameRange     '1.9.0',
29 silly addNameRange     '1.9.1',
29 silly addNameRange     '1.10.0',
29 silly addNameRange     '1.10.1',
29 silly addNameRange     '1.10.2',
29 silly addNameRange     '1.10.3',
29 silly addNameRange     '1.10.4',
29 silly addNameRange     '1.10.5' ] ]
30 verbose addNamed [ 'divshot-cli', '1.10.5' ]
31 verbose addNamed [ '1.10.5', '1.10.5' ]
32 silly lockFile 707a8936-divshot-cli-1-10-5 divshot-cli@1.10.5
33 verbose lock divshot-cli@1.10.5 /home/cky/.npm/707a8936-divshot-cli-1-10-5.lock
34 silly lockFile 62b661cb-vshot-cli-divshot-cli-1-10-5-tgz https://registry.npmjs.org/divshot-cli/-/divshot-cli-1.10.5.tgz
35 verbose lock https://registry.npmjs.org/divshot-cli/-/divshot-cli-1.10.5.tgz /home/cky/.npm/62b661cb-vshot-cli-divshot-cli-1-10-5-tgz.lock
36 verbose addRemoteTarball [ 'https://registry.npmjs.org/divshot-cli/-/divshot-cli-1.10.5.tgz',
36 verbose addRemoteTarball   '149be1ca4d4f9609d82e51652e158a9e60aa882a' ]
37 info retry fetch attempt 1 at 19:13:45
38 verbose fetch to= /tmp/npm-8222-VUEf-UF7/registry.npmjs.org/divshot-cli/-/divshot-cli-1.10.5.tgz
39 http GET https://registry.npmjs.org/divshot-cli/-/divshot-cli-1.10.5.tgz
40 http 200 https://registry.npmjs.org/divshot-cli/-/divshot-cli-1.10.5.tgz
41 silly lockFile 62b661cb-vshot-cli-divshot-cli-1-10-5-tgz https://registry.npmjs.org/divshot-cli/-/divshot-cli-1.10.5.tgz
42 silly lockFile 62b661cb-vshot-cli-divshot-cli-1-10-5-tgz https://registry.npmjs.org/divshot-cli/-/divshot-cli-1.10.5.tgz
43 silly lockFile 707a8936-divshot-cli-1-10-5 divshot-cli@1.10.5
44 silly lockFile 707a8936-divshot-cli-1-10-5 divshot-cli@1.10.5
45 silly lockFile f57fbc2c-divshot-cli divshot-cli@
46 silly lockFile f57fbc2c-divshot-cli divshot-cli@
47 silly resolved [ { name: 'divshot-cli',
47 silly resolved     description: 'CLI for Divshot',
47 silly resolved     version: '1.10.5',
47 silly resolved     dependencies:
47 silly resolved      { async: '^0.9.0',
47 silly resolved        booly: '^1.0.2',
47 silly resolved        bytes: '^2.0.0',
47 silly resolved        chalk: '^1.0.0',
47 silly resolved        clone: '^1.0.0',
47 silly resolved        'copy-files': '^0.1.0',
47 silly resolved        'cozy-slug': '0.2.2',
47 silly resolved        'divshot-api': '1.3.x',
47 silly resolved        'divshot-dumper': '1.1.0',
47 silly resolved        'divshot-push': '1.4.2',
47 silly resolved        'exit-hook': '^1.1.1',
47 silly resolved        feedback: '^0.3.2',
47 silly resolved        'fs-extra': '^0.18.0',
47 silly resolved        'home-dir': '^1.0.0',
47 silly resolved        inquirer: '^0.8.0',
47 silly resolved        'join-path': '^1.0.0',
47 silly resolved        jsonlint: '^1.6.2',
47 silly resolved        lodash: '^2.4.1',
47 silly resolved        marked: '^0.3.2',
47 silly resolved        'marked-terminal': '^1.1.1',
47 silly resolved        'mime-types': '^2.0.2',
47 silly resolved        mkdirp: '0.5.x',
47 silly resolved        moment: '^2.8.3',
47 silly resolved        nash: '0.3.x',
47 silly resolved        open: '0.0.5',
47 silly resolved        pluralize: '^1.0.3',
47 silly resolved        'pretty-print': '^1.0.0',
47 silly resolved        progress: '^1.1.8',
47 silly resolved        promptly: '^0.2.0',
47 silly resolved        read: '^1.0.5',
47 silly resolved        regular: '^0.1.6',
47 silly resolved        request: '^2.44.0',
47 silly resolved        sizer: '^0.1.1',
47 silly resolved        slash: '^1.0.0',
47 silly resolved        superstatic: '1.2.1',
47 silly resolved        touch: '0.0.3',
47 silly resolved        'update-notifier': '^0.2.2',
47 silly resolved        writestreamp: '^0.1.0' },
47 silly resolved     devDependencies: { jshint: '~2.6.0' },
47 silly resolved     scripts: { test: 'mocha --recursive --reporter spec ./test' },
47 silly resolved     author: { name: 'Divshot' },
47 silly resolved     homepage: 'http://divshot.com',
47 silly resolved     repository:
47 silly resolved      { type: 'git',
47 silly resolved        url: 'https://github.com/divshot/divshot-cli.git' },
47 silly resolved     bugs: { url: 'https://github.com/divshot/divshot-cli/issues' },
47 silly resolved     keywords: [ 'divshot', 'hosting', 'static' ],
47 silly resolved     preferGlobal: 'true',
47 silly resolved     bin: { divshot: 'bin/divshot.js' },
47 silly resolved     main: 'bin/divshot.js',
47 silly resolved     gitHead: 'd8c15f81af8e2d960c0529bbb41c77c0361a2e3a',
47 silly resolved     _id: 'divshot-cli@1.10.5',
47 silly resolved     _shasum: '149be1ca4d4f9609d82e51652e158a9e60aa882a',
47 silly resolved     _from: 'divshot-cli@',
47 silly resolved     _npmVersion: '2.5.1',
47 silly resolved     _nodeVersion: '0.12.0',
47 silly resolved     _npmUser: { name: 'scottcorgan', email: 'scottcorgan@gmail.com' },
47 silly resolved     maintainers: [ [Object], [Object] ],
47 silly resolved     dist:
47 silly resolved      { shasum: '149be1ca4d4f9609d82e51652e158a9e60aa882a',
47 silly resolved        tarball: 'http://registry.npmjs.org/divshot-cli/-/divshot-cli-1.10.5.tgz' },
47 silly resolved     directories: {},
47 silly resolved     _resolved: 'https://registry.npmjs.org/divshot-cli/-/divshot-cli-1.10.5.tgz' } ]
48 info install divshot-cli@1.10.5 into /usr/lib
49 info installOne divshot-cli@1.10.5
50 verbose lib/node_modules/divshot-cli unbuild
51 verbose tar unpack /home/cky/.npm/divshot-cli/1.10.5/package.tgz
52 silly lockFile 2901f13e-usr-lib-node-modules-divshot-cli tar:///usr/lib/node_modules/divshot-cli
53 verbose lock tar:///usr/lib/node_modules/divshot-cli /home/cky/.npm/2901f13e-usr-lib-node-modules-divshot-cli.lock
54 silly lockFile ea771bf6-m-divshot-cli-1-10-5-package-tgz tar:///home/cky/.npm/divshot-cli/1.10.5/package.tgz
55 verbose lock tar:///home/cky/.npm/divshot-cli/1.10.5/package.tgz /home/cky/.npm/ea771bf6-m-divshot-cli-1-10-5-package-tgz.lock
56 silly gunzTarPerm modes [ '775', '664' ]
57 error Error: EACCES, mkdir '/usr/lib/node_modules/divshot-cli'
57 error  { [Error: EACCES, mkdir '/usr/lib/node_modules/divshot-cli']
57 error   errno: 3,
57 error   code: 'EACCES',
57 error   path: '/usr/lib/node_modules/divshot-cli',
57 error   fstream_type: 'Directory',
57 error   fstream_path: '/usr/lib/node_modules/divshot-cli',
57 error   fstream_class: 'DirWriter',
57 error   fstream_stack:
57 error    [ '/usr/lib/node_modules/npm/node_modules/fstream/lib/dir-writer.js:36:23',
57 error      '/usr/lib/node_modules/npm/node_modules/mkdirp/index.js:46:53',
57 error      'Object.oncomplete (fs.js:108:15)' ] }
58 error Please try running this command again as root/Administrator.
59 error System Linux 3.16.0-38-generic
60 error command "/usr/bin/node" "/usr/bin/npm" "install" "-g" "divshot-cli"
61 error cwd /home/cky/projects/wall
62 error node -v v0.10.38
63 error npm -v 1.4.28
64 error path /usr/lib/node_modules/divshot-cli
65 error fstream_path /usr/lib/node_modules/divshot-cli
66 error fstream_type Directory
67 error fstream_class DirWriter
68 error code EACCES
69 error errno 3
70 error stack Error: EACCES, mkdir '/usr/lib/node_modules/divshot-cli'
71 error fstream_stack /usr/lib/node_modules/npm/node_modules/fstream/lib/dir-writer.js:36:23
71 error fstream_stack /usr/lib/node_modules/npm/node_modules/mkdirp/index.js:46:53
71 error fstream_stack Object.oncomplete (fs.js:108:15)
72 verbose exit [ 3, true ]
